Using pre-set license
Built from '2021.1/release' branch; Version is '2021.1.0f1 (61a549675243) revision 6399305'; Using compiler version '192528614'; Build Type 'Release'
OS: 'Windows 10 Home; OS build 19043.1526; Version 2009; 64bit' Language: 'en' Physical Memory: 16315 MB
BatchMode: 1, IsHumanControllingUs: 0, StartBugReporterOnCrash: 0, Is64bit: 1, IsPro: 0

 COMMAND LINE ARGUMENTS:
D:\Unity\2021.1.0f1\Editor\Unity.exe
-adb2
-batchMode
-noUpm
-name
AssetImportWorker0
-projectPath
C:/Users/canun/Desktop/GallantMage
-logFile
Logs/AssetImportWorker0.log
-srvPort
49991
Successfully changed project path to: C:/Users/canun/Desktop/GallantMage
C:/Users/canun/Desktop/GallantMage
Using Asset Import Pipeline V2.
Refreshing native plugins compatible for Editor in 126.40 ms, found 1 plugins.
Preloading 0 native plugins for Editor in 0.00 ms.
Initialize engine version: 2021.1.0f1 (61a549675243)
[Subsystems] Discovering subsystems at path D:/Unity/2021.1.0f1/Editor/Data/Resources/UnitySubsystems
[Subsystems] Discovering subsystems at path C:/Users/canun/Desktop/GallantMage/Assets
GfxDevice: creating device client; threaded=0; jobified=0
Direct3D:
    Version:  Direct3D 11.0 [level 11.1]
    Renderer: NVIDIA GeForce GTX 1060 3GB (ID=0x1c02)
    Vendor:   NVIDIA
    VRAM:     2988 MB
    Driver:   30.0.14.9676
Initialize mono
Mono path[0] = 'D:/Unity/2021.1.0f1/Editor/Data/Managed'
Mono path[1] = 'D:/Unity/2021.1.0f1/Editor/Data/MonoBleedingEdge/lib/mono/unityjit'
Mono config path = 'D:/Unity/2021.1.0f1/Editor/Data/MonoBleedingEdge/etc'
Using monoOptions --debugger-agent=transport=dt_socket,embedding=1,server=y,suspend=n,address=127.0.0.1:56536
Begin MonoManager ReloadAssembly
Registering precompiled unity dll's ...
Register platform support module: D:/Unity/2021.1.0f1/Editor/Data/PlaybackEngines/WebGLSupport/UnityEditor.WebGL.Extensions.dll
Register platform support module: D:/Unity/2021.1.0f1/Editor/Data/PlaybackEngines/WindowsStandaloneSupport/UnityEditor.WindowsStandalone.Extensions.dll
Registered in 0.001539 seconds.
Native extension for WindowsStandalone target not found
Native extension for WebGL target not found
Refreshing native plugins compatible for Editor in 112.98 ms, found 1 plugins.
Preloading 0 native plugins for Editor in 0.00 ms.
Mono: successfully reloaded assembly
- Completed reload, in  2.378 seconds
Platform modules already initialized, skipping
Registering precompiled user dll's ...
Registered in 0.004105 seconds.
Begin MonoManager ReloadAssembly
Native extension for WindowsStandalone target not found
Native extension for WebGL target not found
Refreshing native plugins compatible for Editor in 0.44 ms, found 1 plugins.
Preloading 0 native plugins for Editor in 0.00 ms.
Mono: successfully reloaded assembly
- Completed reload, in  1.048 seconds
Platform modules already initialized, skipping
========================================================================
Worker process is ready to serve import requests
Launched and connected shader compiler UnityShaderCompiler.exe after 0.10 seconds
Refreshing native plugins compatible for Editor in 0.46 ms, found 1 plugins.
Preloading 0 native plugins for Editor in 0.00 ms.
Unloading 2724 Unused Serialized files (Serialized files now loaded: 0)
System memory in use before: 101.3 MB.
System memory in use after: 101.4 MB.

Unloading 18 unused Assets to reduce memory usage. Loaded Objects now: 3174.
Total: 2.398300 ms (FindLiveObjects: 0.329100 ms CreateObjectMapping: 0.229700 ms MarkObjects: 1.752200 ms  DeleteObjects: 0.086300 ms)

========================================================================
Received Import Request.
  path: Assets/Scripts/Mesh/NodeGraph/MeshFinalNode.cs
  artifactKey: Guid(dcb0f59646a094441b1214828d5d8d10) Importer(815301076,1909f56bfc062723c751e8b465ee728b)
Start importing Assets/Scripts/Mesh/NodeGraph/MeshFinalNode.cs using Guid(dcb0f59646a094441b1214828d5d8d10) Importer(815301076,1909f56bfc062723c751e8b465ee728b)  -> (artifact id: '14e31a2721e212f67cf16bd0c3a11976') in 0.066296 seconds 
========================================================================
Received Prepare
Registering precompiled user dll's ...
Registered in 0.003315 seconds.
Begin MonoManager ReloadAssembly
Native extension for WindowsStandalone target not found
Native extension for WebGL target not found
Refreshing native plugins compatible for Editor in 0.45 ms, found 1 plugins.
Preloading 0 native plugins for Editor in 0.00 ms.
NullReferenceException: Object reference not set to an instance of an object
  at XNodeEditor.NodeEditorAssetModProcessor.OnReloadEditor () [0x0004b] in C:\Users\canun\Desktop\GallantMage\Assets\Scripts\Nodes\Editor\NodeEditorAssetModProcessor.cs:55 

(Filename: Assets/Scripts/Nodes/Editor/NodeEditorAssetModProcessor.cs Line: 55)

Mono: successfully reloaded assembly
- Completed reload, in  0.868 seconds
Platform modules already initialized, skipping
Refreshing native plugins compatible for Editor in 0.60 ms, found 1 plugins.
Preloading 0 native plugins for Editor in 0.00 ms.
Unloading 2706 Unused Serialized files (Serialized files now loaded: 0)
System memory in use before: 100.3 MB.
System memory in use after: 100.5 MB.

Unloading 13 unused Assets to reduce memory usage. Loaded Objects now: 3177.
Total: 2.180500 ms (FindLiveObjects: 0.242400 ms CreateObjectMapping: 0.181600 ms MarkObjects: 1.668400 ms  DeleteObjects: 0.087300 ms)

========================================================================
Received Prepare
Registering precompiled user dll's ...
Registered in 0.003244 seconds.
Begin MonoManager ReloadAssembly
Native extension for WindowsStandalone target not found
Native extension for WebGL target not found
Refreshing native plugins compatible for Editor in 0.66 ms, found 1 plugins.
Preloading 0 native plugins for Editor in 0.00 ms.
NullReferenceException: Object reference not set to an instance of an object
  at XNodeEditor.NodeEditorAssetModProcessor.OnReloadEditor () [0x0004b] in C:\Users\canun\Desktop\GallantMage\Assets\Scripts\Nodes\Editor\NodeEditorAssetModProcessor.cs:55 

(Filename: Assets/Scripts/Nodes/Editor/NodeEditorAssetModProcessor.cs Line: 55)

Mono: successfully reloaded assembly
- Completed reload, in  0.900 seconds
Platform modules already initialized, skipping
Refreshing native plugins compatible for Editor in 0.48 ms, found 1 plugins.
Preloading 0 native plugins for Editor in 0.00 ms.
Unloading 2706 Unused Serialized files (Serialized files now loaded: 0)
System memory in use before: 100.4 MB.
System memory in use after: 100.6 MB.

Unloading 13 unused Assets to reduce memory usage. Loaded Objects now: 3180.
Total: 1.844900 ms (FindLiveObjects: 0.235900 ms CreateObjectMapping: 0.134900 ms MarkObjects: 1.405700 ms  DeleteObjects: 0.067100 ms)

========================================================================
Received Import Request.
  Time since last request: 742.907103 seconds.
  path: Assets/Scripts/Mesh/NodeGraph/MeshFinalNode.cs
  artifactKey: Guid(dcb0f59646a094441b1214828d5d8d10) Importer(815301076,1909f56bfc062723c751e8b465ee728b)
Start importing Assets/Scripts/Mesh/NodeGraph/MeshFinalNode.cs using Guid(dcb0f59646a094441b1214828d5d8d10) Importer(815301076,1909f56bfc062723c751e8b465ee728b)  -> (artifact id: 'e6e60c15d82309d245900431a62d2da7') in 0.006124 seconds 
========================================================================
Received Import Request.
  Time since last request: 8.287344 seconds.
  path: Assets/Items/TerraGraph/TerraGraph.asset
  artifactKey: Guid(4cb2ff7f11f1c024693865dd50f65d38) Importer(815301076,1909f56bfc062723c751e8b465ee728b)
Start importing Assets/Items/TerraGraph/TerraGraph.asset using Guid(4cb2ff7f11f1c024693865dd50f65d38) Importer(815301076,1909f56bfc062723c751e8b465ee728b)  -> (artifact id: '1e0cd3cb1a6e76080c3cc4c9953e66bf') in 0.052722 seconds 
========================================================================
Received Import Request.
  Time since last request: 3.070359 seconds.
  path: Assets/Items/TerraGraph/TerraGraph.asset
  artifactKey: Guid(4cb2ff7f11f1c024693865dd50f65d38) Importer(815301076,1909f56bfc062723c751e8b465ee728b)
Start importing Assets/Items/TerraGraph/TerraGraph.asset using Guid(4cb2ff7f11f1c024693865dd50f65d38) Importer(815301076,1909f56bfc062723c751e8b465ee728b)  -> (artifact id: 'e8871a81bd0a27429097e72495505ce6') in 0.008565 seconds 
========================================================================
Received Import Request.
  Time since last request: 2.625767 seconds.
  path: Assets/Items/TerraGraph/TerraGraph.asset
  artifactKey: Guid(4cb2ff7f11f1c024693865dd50f65d38) Importer(815301076,1909f56bfc062723c751e8b465ee728b)
Start importing Assets/Items/TerraGraph/TerraGraph.asset using Guid(4cb2ff7f11f1c024693865dd50f65d38) Importer(815301076,1909f56bfc062723c751e8b465ee728b)  -> (artifact id: 'ac4c83860d9dd560eda17a912a586b52') in 0.008663 seconds 
========================================================================
Received Import Request.
  Time since last request: 2.992632 seconds.
  path: Assets/Items/TerraGraph/TerraGraph.asset
  artifactKey: Guid(4cb2ff7f11f1c024693865dd50f65d38) Importer(815301076,1909f56bfc062723c751e8b465ee728b)
Start importing Assets/Items/TerraGraph/TerraGraph.asset using Guid(4cb2ff7f11f1c024693865dd50f65d38) Importer(815301076,1909f56bfc062723c751e8b465ee728b)  -> (artifact id: '3e6bbace5d87402ed38c4773ff51996a') in 0.008629 seconds 
========================================================================
Received Prepare
Registering precompiled user dll's ...
Registered in 0.003705 seconds.
Begin MonoManager ReloadAssembly
Native extension for WindowsStandalone target not found
Native extension for WebGL target not found
Refreshing native plugins compatible for Editor in 0.43 ms, found 1 plugins.
Preloading 0 native plugins for Editor in 0.00 ms.
NullReferenceException: Object reference not set to an instance of an object
  at XNodeEditor.NodeEditorAssetModProcessor.OnReloadEditor () [0x0004b] in C:\Users\canun\Desktop\GallantMage\Assets\Scripts\Nodes\Editor\NodeEditorAssetModProcessor.cs:55 

(Filename: Assets/Scripts/Nodes/Editor/NodeEditorAssetModProcessor.cs Line: 55)

Mono: successfully reloaded assembly
- Completed reload, in  0.849 seconds
Platform modules already initialized, skipping
Refreshing native plugins compatible for Editor in 0.45 ms, found 1 plugins.
Preloading 0 native plugins for Editor in 0.00 ms.
Unloading 2706 Unused Serialized files (Serialized files now loaded: 0)
System memory in use before: 100.4 MB.
System memory in use after: 100.6 MB.

Unloading 14 unused Assets to reduce memory usage. Loaded Objects now: 3183.
Total: 2.189900 ms (FindLiveObjects: 0.293100 ms CreateObjectMapping: 0.163100 ms MarkObjects: 1.632600 ms  DeleteObjects: 0.100500 ms)

========================================================================
Received Import Request.
  Time since last request: 74.050249 seconds.
  path: Assets/Items/TerraGraph/TerraGraph.asset
  artifactKey: Guid(4cb2ff7f11f1c024693865dd50f65d38) Importer(815301076,1909f56bfc062723c751e8b465ee728b)
Start importing Assets/Items/TerraGraph/TerraGraph.asset using Guid(4cb2ff7f11f1c024693865dd50f65d38) Importer(815301076,1909f56bfc062723c751e8b465ee728b)  -> (artifact id: 'd751752c98bf4284f662798c5d28a01a') in 0.048620 seconds 
========================================================================
Received Import Request.
  Time since last request: 24.945825 seconds.
  path: Assets/Scripts/Mesh/NodeGraph/RaiseTerrainNode.cs
  artifactKey: Guid(fb2f313a45cb0db4cba82e3c7cd8ccd9) Importer(815301076,1909f56bfc062723c751e8b465ee728b)
Start importing Assets/Scripts/Mesh/NodeGraph/RaiseTerrainNode.cs using Guid(fb2f313a45cb0db4cba82e3c7cd8ccd9) Importer(815301076,1909f56bfc062723c751e8b465ee728b)  -> (artifact id: '7282fd4d62b5012e63d3c39f937595fb') in 0.009215 seconds 
========================================================================
Received Prepare
Registering precompiled user dll's ...
Registered in 0.003314 seconds.
Begin MonoManager ReloadAssembly
Native extension for WindowsStandalone target not found
Native extension for WebGL target not found
Refreshing native plugins compatible for Editor in 0.69 ms, found 1 plugins.
Preloading 0 native plugins for Editor in 0.00 ms.
NullReferenceException: Object reference not set to an instance of an object
  at XNodeEditor.NodeEditorAssetModProcessor.OnReloadEditor () [0x0004b] in C:\Users\canun\Desktop\GallantMage\Assets\Scripts\Nodes\Editor\NodeEditorAssetModProcessor.cs:55 

(Filename: Assets/Scripts/Nodes/Editor/NodeEditorAssetModProcessor.cs Line: 55)

Mono: successfully reloaded assembly
- Completed reload, in  0.890 seconds
Platform modules already initialized, skipping
Refreshing native plugins compatible for Editor in 0.69 ms, found 1 plugins.
Preloading 0 native plugins for Editor in 0.00 ms.
Unloading 2707 Unused Serialized files (Serialized files now loaded: 0)
System memory in use before: 100.4 MB.
System memory in use after: 100.6 MB.

Unloading 14 unused Assets to reduce memory usage. Loaded Objects now: 3187.
Total: 2.352500 ms (FindLiveObjects: 0.234300 ms CreateObjectMapping: 0.211300 ms MarkObjects: 1.824000 ms  DeleteObjects: 0.082300 ms)

========================================================================
Received Prepare
Registering precompiled user dll's ...
Registered in 0.003351 seconds.
Begin MonoManager ReloadAssembly
Native extension for WindowsStandalone target not found
Native extension for WebGL target not found
Refreshing native plugins compatible for Editor in 0.46 ms, found 1 plugins.
Preloading 0 native plugins for Editor in 0.00 ms.
NullReferenceException: Object reference not set to an instance of an object
  at XNodeEditor.NodeEditorAssetModProcessor.OnReloadEditor () [0x0004b] in C:\Users\canun\Desktop\GallantMage\Assets\Scripts\Nodes\Editor\NodeEditorAssetModProcessor.cs:55 

(Filename: Assets/Scripts/Nodes/Editor/NodeEditorAssetModProcessor.cs Line: 55)

Mono: successfully reloaded assembly
- Completed reload, in  0.925 seconds
Platform modules already initialized, skipping
Refreshing native plugins compatible for Editor in 0.62 ms, found 1 plugins.
Preloading 0 native plugins for Editor in 0.00 ms.
Unloading 2707 Unused Serialized files (Serialized files now loaded: 0)
System memory in use before: 100.5 MB.
System memory in use after: 100.7 MB.

Unloading 14 unused Assets to reduce memory usage. Loaded Objects now: 3190.
Total: 2.279200 ms (FindLiveObjects: 0.300600 ms CreateObjectMapping: 0.181700 ms MarkObjects: 1.711600 ms  DeleteObjects: 0.083900 ms)

========================================================================
Received Import Request.
  Time since last request: 285.471228 seconds.
  path: Assets/Scripts/Mesh/NodeGraph/RaiseTerrainNode.cs
  artifactKey: Guid(fb2f313a45cb0db4cba82e3c7cd8ccd9) Importer(815301076,1909f56bfc062723c751e8b465ee728b)
Start importing Assets/Scripts/Mesh/NodeGraph/RaiseTerrainNode.cs using Guid(fb2f313a45cb0db4cba82e3c7cd8ccd9) Importer(815301076,1909f56bfc062723c751e8b465ee728b)  -> (artifact id: '71bbdb823bd925387f241aa603215fdc') in 0.009801 seconds 
========================================================================
Received Import Request.
  Time since last request: 9.360683 seconds.
  path: Assets/Items/TerraGraph/TerraGraph.asset
  artifactKey: Guid(4cb2ff7f11f1c024693865dd50f65d38) Importer(815301076,1909f56bfc062723c751e8b465ee728b)
Start importing Assets/Items/TerraGraph/TerraGraph.asset using Guid(4cb2ff7f11f1c024693865dd50f65d38) Importer(815301076,1909f56bfc062723c751e8b465ee728b)  -> (artifact id: 'a8ba8a57637772b2ee01493a016369ba') in 0.043760 seconds 
========================================================================
Received Import Request.
  Time since last request: 0.559135 seconds.
  path: Assets/Items/TerraGraph/TerraGraph.asset
  artifactKey: Guid(4cb2ff7f11f1c024693865dd50f65d38) Importer(815301076,1909f56bfc062723c751e8b465ee728b)
Start importing Assets/Items/TerraGraph/TerraGraph.asset using Guid(4cb2ff7f11f1c024693865dd50f65d38) Importer(815301076,1909f56bfc062723c751e8b465ee728b)  -> (artifact id: 'a391abd084a78a94d295bb193d2a2f09') in 0.011290 seconds 
========================================================================
Received Import Request.
  Time since last request: 1.126284 seconds.
  path: Assets/Items/TerraGraph/TerraGraph.asset
  artifactKey: Guid(4cb2ff7f11f1c024693865dd50f65d38) Importer(815301076,1909f56bfc062723c751e8b465ee728b)
Start importing Assets/Items/TerraGraph/TerraGraph.asset using Guid(4cb2ff7f11f1c024693865dd50f65d38) Importer(815301076,1909f56bfc062723c751e8b465ee728b)  -> (artifact id: '516a24ce365a7d4d73f40131128fbaa8') in 0.009335 seconds 
========================================================================
Received Import Request.
  Time since last request: 5.278286 seconds.
  path: Assets/Items/TerraGraph/TerraGraph.asset
  artifactKey: Guid(4cb2ff7f11f1c024693865dd50f65d38) Importer(815301076,1909f56bfc062723c751e8b465ee728b)
Start importing Assets/Items/TerraGraph/TerraGraph.asset using Guid(4cb2ff7f11f1c024693865dd50f65d38) Importer(815301076,1909f56bfc062723c751e8b465ee728b)  -> (artifact id: 'e4ac60e5d87cda3a80bdc52537b6857f') in 0.009177 seconds 
========================================================================
Received Import Request.
  Time since last request: 2.017597 seconds.
  path: Assets/Items/TerraGraph/TerraGraph.asset
  artifactKey: Guid(4cb2ff7f11f1c024693865dd50f65d38) Importer(815301076,1909f56bfc062723c751e8b465ee728b)
Start importing Assets/Items/TerraGraph/TerraGraph.asset using Guid(4cb2ff7f11f1c024693865dd50f65d38) Importer(815301076,1909f56bfc062723c751e8b465ee728b)  -> (artifact id: '6b32fbab27b7d2a8a2f0deaf048a3a5d') in 0.009372 seconds 
========================================================================
Received Import Request.
  Time since last request: 1.220806 seconds.
  path: Assets/Items/TerraGraph/TerraGraph.asset
  artifactKey: Guid(4cb2ff7f11f1c024693865dd50f65d38) Importer(815301076,1909f56bfc062723c751e8b465ee728b)
Start importing Assets/Items/TerraGraph/TerraGraph.asset using Guid(4cb2ff7f11f1c024693865dd50f65d38) Importer(815301076,1909f56bfc062723c751e8b465ee728b)  -> (artifact id: '351d73865360e39603d58260ddbf52fc') in 0.008354 seconds 
========================================================================
Received Import Request.
  Time since last request: 2.064160 seconds.
  path: Assets/Items/TerraGraph/TerraGraph.asset
  artifactKey: Guid(4cb2ff7f11f1c024693865dd50f65d38) Importer(815301076,1909f56bfc062723c751e8b465ee728b)
Start importing Assets/Items/TerraGraph/TerraGraph.asset using Guid(4cb2ff7f11f1c024693865dd50f65d38) Importer(815301076,1909f56bfc062723c751e8b465ee728b)  -> (artifact id: '0a6ba9a602edb930895d50d563bd3143') in 0.008096 seconds 
========================================================================
Received Import Request.
  Time since last request: 21.177040 seconds.
  path: Assets/Items/TerraGraph/TerraGraph.asset
  artifactKey: Guid(4cb2ff7f11f1c024693865dd50f65d38) Importer(815301076,1909f56bfc062723c751e8b465ee728b)
Start importing Assets/Items/TerraGraph/TerraGraph.asset using Guid(4cb2ff7f11f1c024693865dd50f65d38) Importer(815301076,1909f56bfc062723c751e8b465ee728b)  -> (artifact id: '2f1516a68568a84fbf480c1585051537') in 0.009068 seconds 
========================================================================
Received Prepare
Registering precompiled user dll's ...
Registered in 0.004010 seconds.
Begin MonoManager ReloadAssembly
Native extension for WindowsStandalone target not found
Native extension for WebGL target not found
Refreshing native plugins compatible for Editor in 0.44 ms, found 1 plugins.
Preloading 0 native plugins for Editor in 0.00 ms.
NullReferenceException: Object reference not set to an instance of an object
  at XNodeEditor.NodeEditorAssetModProcessor.OnReloadEditor () [0x0004b] in C:\Users\canun\Desktop\GallantMage\Assets\Scripts\Nodes\Editor\NodeEditorAssetModProcessor.cs:55 

(Filename: Assets/Scripts/Nodes/Editor/NodeEditorAssetModProcessor.cs Line: 55)

Mono: successfully reloaded assembly
- Completed reload, in  0.855 seconds
Platform modules already initialized, skipping
Refreshing native plugins compatible for Editor in 0.49 ms, found 1 plugins.
Preloading 0 native plugins for Editor in 0.00 ms.
Unloading 2707 Unused Serialized files (Serialized files now loaded: 0)
System memory in use before: 100.5 MB.
System memory in use after: 100.7 MB.

Unloading 15 unused Assets to reduce memory usage. Loaded Objects now: 3193.
Total: 2.741300 ms (FindLiveObjects: 0.431100 ms CreateObjectMapping: 0.180900 ms MarkObjects: 2.071800 ms  DeleteObjects: 0.055900 ms)

========================================================================
Received Prepare
Registering precompiled user dll's ...
Registered in 0.003341 seconds.
Begin MonoManager ReloadAssembly
Native extension for WindowsStandalone target not found
Native extension for WebGL target not found
Refreshing native plugins compatible for Editor in 0.45 ms, found 1 plugins.
Preloading 0 native plugins for Editor in 0.00 ms.
NullReferenceException: Object reference not set to an instance of an object
  at XNodeEditor.NodeEditorAssetModProcessor.OnReloadEditor () [0x0004b] in C:\Users\canun\Desktop\GallantMage\Assets\Scripts\Nodes\Editor\NodeEditorAssetModProcessor.cs:55 

(Filename: Assets/Scripts/Nodes/Editor/NodeEditorAssetModProcessor.cs Line: 55)

Mono: successfully reloaded assembly
- Completed reload, in  0.896 seconds
Platform modules already initialized, skipping
Refreshing native plugins compatible for Editor in 0.58 ms, found 1 plugins.
Preloading 0 native plugins for Editor in 0.00 ms.
Unloading 2707 Unused Serialized files (Serialized files now loaded: 0)
System memory in use before: 100.5 MB.
System memory in use after: 100.7 MB.

Unloading 15 unused Assets to reduce memory usage. Loaded Objects now: 3196.
Total: 2.621100 ms (FindLiveObjects: 0.254400 ms CreateObjectMapping: 0.133500 ms MarkObjects: 2.163800 ms  DeleteObjects: 0.067800 ms)

========================================================================
Received Prepare
Registering precompiled user dll's ...
Registered in 0.003374 seconds.
Begin MonoManager ReloadAssembly
Native extension for WindowsStandalone target not found
Native extension for WebGL target not found
Refreshing native plugins compatible for Editor in 0.57 ms, found 1 plugins.
Preloading 0 native plugins for Editor in 0.00 ms.
NullReferenceException: Object reference not set to an instance of an object
  at XNodeEditor.NodeEditorAssetModProcessor.OnReloadEditor () [0x0004b] in C:\Users\canun\Desktop\GallantMage\Assets\Scripts\Nodes\Editor\NodeEditorAssetModProcessor.cs:55 

(Filename: Assets/Scripts/Nodes/Editor/NodeEditorAssetModProcessor.cs Line: 55)

Mono: successfully reloaded assembly
- Completed reload, in  0.964 seconds
Platform modules already initialized, skipping
Refreshing native plugins compatible for Editor in 0.64 ms, found 1 plugins.
Preloading 0 native plugins for Editor in 0.00 ms.
Unloading 2707 Unused Serialized files (Serialized files now loaded: 0)
System memory in use before: 100.5 MB.
System memory in use after: 100.7 MB.

Unloading 15 unused Assets to reduce memory usage. Loaded Objects now: 3199.
Total: 2.687100 ms (FindLiveObjects: 0.436300 ms CreateObjectMapping: 0.222900 ms MarkObjects: 1.972800 ms  DeleteObjects: 0.053900 ms)

========================================================================
Received Prepare
Registering precompiled user dll's ...
Registered in 0.003747 seconds.
Begin MonoManager ReloadAssembly
Native extension for WindowsStandalone target not found
Native extension for WebGL target not found
Refreshing native plugins compatible for Editor in 0.50 ms, found 1 plugins.
Preloading 0 native plugins for Editor in 0.00 ms.
NullReferenceException: Object reference not set to an instance of an object
  at XNodeEditor.NodeEditorAssetModProcessor.OnReloadEditor () [0x0004b] in C:\Users\canun\Desktop\GallantMage\Assets\Scripts\Nodes\Editor\NodeEditorAssetModProcessor.cs:55 

(Filename: Assets/Scripts/Nodes/Editor/NodeEditorAssetModProcessor.cs Line: 55)

Mono: successfully reloaded assembly
- Completed reload, in  0.905 seconds
Platform modules already initialized, skipping
Refreshing native plugins compatible for Editor in 0.46 ms, found 1 plugins.
Preloading 0 native plugins for Editor in 0.00 ms.
Unloading 2707 Unused Serialized files (Serialized files now loaded: 0)
System memory in use before: 100.5 MB.
System memory in use after: 100.7 MB.

Unloading 15 unused Assets to reduce memory usage. Loaded Objects now: 3202.
Total: 2.679200 ms (FindLiveObjects: 0.528000 ms CreateObjectMapping: 0.286400 ms MarkObjects: 1.802200 ms  DeleteObjects: 0.061300 ms)

========================================================================
Received Prepare
Registering precompiled user dll's ...
Registered in 0.003465 seconds.
Begin MonoManager ReloadAssembly
Native extension for WindowsStandalone target not found
Native extension for WebGL target not found
Refreshing native plugins compatible for Editor in 0.45 ms, found 1 plugins.
Preloading 0 native plugins for Editor in 0.00 ms.
NullReferenceException: Object reference not set to an instance of an object
  at XNodeEditor.NodeEditorAssetModProcessor.OnReloadEditor () [0x0004b] in C:\Users\canun\Desktop\GallantMage\Assets\Scripts\Nodes\Editor\NodeEditorAssetModProcessor.cs:55 

(Filename: Assets/Scripts/Nodes/Editor/NodeEditorAssetModProcessor.cs Line: 55)

Mono: successfully reloaded assembly
- Completed reload, in  0.858 seconds
Platform modules already initialized, skipping
Refreshing native plugins compatible for Editor in 0.54 ms, found 1 plugins.
Preloading 0 native plugins for Editor in 0.00 ms.
Unloading 2707 Unused Serialized files (Serialized files now loaded: 0)
System memory in use before: 100.5 MB.
System memory in use after: 100.7 MB.

Unloading 15 unused Assets to reduce memory usage. Loaded Objects now: 3205.
Total: 2.261700 ms (FindLiveObjects: 0.307300 ms CreateObjectMapping: 0.154500 ms MarkObjects: 1.733800 ms  DeleteObjects: 0.064700 ms)

========================================================================
Received Prepare
Registering precompiled user dll's ...
Registered in 0.003590 seconds.
Begin MonoManager ReloadAssembly
Native extension for WindowsStandalone target not found
Native extension for WebGL target not found
Refreshing native plugins compatible for Editor in 0.46 ms, found 1 plugins.
Preloading 0 native plugins for Editor in 0.00 ms.
NullReferenceException: Object reference not set to an instance of an object
  at XNodeEditor.NodeEditorAssetModProcessor.OnReloadEditor () [0x0004b] in C:\Users\canun\Desktop\GallantMage\Assets\Scripts\Nodes\Editor\NodeEditorAssetModProcessor.cs:55 

(Filename: Assets/Scripts/Nodes/Editor/NodeEditorAssetModProcessor.cs Line: 55)

Mono: successfully reloaded assembly
- Completed reload, in  0.837 seconds
Platform modules already initialized, skipping
Refreshing native plugins compatible for Editor in 0.63 ms, found 1 plugins.
Preloading 0 native plugins for Editor in 0.00 ms.
Unloading 2707 Unused Serialized files (Serialized files now loaded: 0)
System memory in use before: 100.5 MB.
System memory in use after: 100.7 MB.

Unloading 15 unused Assets to reduce memory usage. Loaded Objects now: 3208.
Total: 2.079500 ms (FindLiveObjects: 0.251200 ms CreateObjectMapping: 0.141000 ms MarkObjects: 1.627900 ms  DeleteObjects: 0.057700 ms)

========================================================================
Received Prepare
Registering precompiled user dll's ...
Registered in 0.003820 seconds.
Begin MonoManager ReloadAssembly
Native extension for WindowsStandalone target not found
Native extension for WebGL target not found
Refreshing native plugins compatible for Editor in 0.45 ms, found 1 plugins.
Preloading 0 native plugins for Editor in 0.00 ms.
NullReferenceException: Object reference not set to an instance of an object
  at XNodeEditor.NodeEditorAssetModProcessor.OnReloadEditor () [0x0004b] in C:\Users\canun\Desktop\GallantMage\Assets\Scripts\Nodes\Editor\NodeEditorAssetModProcessor.cs:55 

(Filename: Assets/Scripts/Nodes/Editor/NodeEditorAssetModProcessor.cs Line: 55)

Mono: successfully reloaded assembly
- Completed reload, in  0.887 seconds
Platform modules already initialized, skipping
Refreshing native plugins compatible for Editor in 0.48 ms, found 1 plugins.
Preloading 0 native plugins for Editor in 0.00 ms.
Unloading 2707 Unused Serialized files (Serialized files now loaded: 0)
System memory in use before: 100.5 MB.
System memory in use after: 100.7 MB.

Unloading 15 unused Assets to reduce memory usage. Loaded Objects now: 3211.
Total: 2.546400 ms (FindLiveObjects: 0.435300 ms CreateObjectMapping: 0.371300 ms MarkObjects: 1.680500 ms  DeleteObjects: 0.057700 ms)

AssetImportWorkerClient::OnTransportError - code=2 error=End of file
